[2019-6-1 8:43:20] GET /register_gs?id=001&clientip=127.0.0.1&clientport=10000&httpPort=9003&load=0
Error: Not Found
    at G:\happyGame\2\server\common\common_app.js:86:15
    at Layer.handle [as handle_request] (G:\happyGame\2\server\node_modules\express\lib\router\layer.js:95:5)
    at trim_prefix (G:\happyGame\2\server\node_modules\express\lib\router\index.js:317:13)
    at G:\happyGame\2\server\node_modules\express\lib\router\index.js:284:7
    at Function.process_params (G:\happyGame\2\server\node_modules\express\lib\router\index.js:335:12)
    at next (G:\happyGame\2\server\node_modules\express\lib\router\index.js:275:10)
    at SendStream.error (G:\happyGame\2\server\node_modules\serve-static\index.js:121:7)
    at SendStream.emit (events.js:189:13)
    at SendStream.error (G:\happyGame\2\server\node_modules\send\index.js:270:17)
    at SendStream.onStatError (G:\happyGame\2\server\node_modules\send\index.js:421:12)


[2019-6-1 8:43:20] GET /get_server_info?serverid=127.0.0.1%3A10000&sign=5f07171cb498d75fd82ecd0de85df3a9
Error: Not Found
    at G:\happyGame\2\server\common\common_app.js:86:15
    at Layer.handle [as handle_request] (G:\happyGame\2\server\node_modules\express\lib\router\layer.js:95:5)
    at trim_prefix (G:\happyGame\2\server\node_modules\express\lib\router\index.js:317:13)
    at G:\happyGame\2\server\node_modules\express\lib\router\index.js:284:7
    at Function.process_params (G:\happyGame\2\server\node_modules\express\lib\router\index.js:335:12)
    at next (G:\happyGame\2\server\node_modules\express\lib\router\index.js:275:10)
    at SendStream.error (G:\happyGame\2\server\node_modules\serve-static\index.js:121:7)
    at SendStream.emit (events.js:189:13)
    at SendStream.error (G:\happyGame\2\server\node_modules\send\index.js:270:17)
    at SendStream.onStatError (G:\happyGame\2\server\node_modules\send\index.js:421:12)


[2019-6-1 8:43:25] GET /register_gs?id=001&clientip=127.0.0.1&clientport=10000&httpPort=9003&load=0
Error: Not Found
    at G:\happyGame\2\server\common\common_app.js:86:15
    at Layer.handle [as handle_request] (G:\happyGame\2\server\node_modules\express\lib\router\layer.js:95:5)
    at trim_prefix (G:\happyGame\2\server\node_modules\express\lib\router\index.js:317:13)
    at G:\happyGame\2\server\node_modules\express\lib\router\index.js:284:7
    at Function.process_params (G:\happyGame\2\server\node_modules\express\lib\router\index.js:335:12)
    at next (G:\happyGame\2\server\node_modules\express\lib\router\index.js:275:10)
    at SendStream.error (G:\happyGame\2\server\node_modules\serve-static\index.js:121:7)
    at SendStream.emit (events.js:189:13)
    at SendStream.error (G:\happyGame\2\server\node_modules\send\index.js:270:17)
    at SendStream.onStatError (G:\happyGame\2\server\node_modules\send\index.js:421:12)


[2019-6-1 8:43:30] GET /register_gs?id=001&clientip=127.0.0.1&clientport=10000&httpPort=9003&load=0
Error: Not Found
    at G:\happyGame\2\server\common\common_app.js:86:15
    at Layer.handle [as handle_request] (G:\happyGame\2\server\node_modules\express\lib\router\layer.js:95:5)
    at trim_prefix (G:\happyGame\2\server\node_modules\express\lib\router\index.js:317:13)
    at G:\happyGame\2\server\node_modules\express\lib\router\index.js:284:7
    at Function.process_params (G:\happyGame\2\server\node_modules\express\lib\router\index.js:335:12)
    at next (G:\happyGame\2\server\node_modules\express\lib\router\index.js:275:10)
    at SendStream.error (G:\happyGame\2\server\node_modules\serve-static\index.js:121:7)
    at SendStream.emit (events.js:189:13)
    at SendStream.error (G:\happyGame\2\server\node_modules\send\index.js:270:17)
    at SendStream.onStatError (G:\happyGame\2\server\node_modules\send\index.js:421:12)


[2019-6-1 8:43:35] GET /register_gs?id=001&clientip=127.0.0.1&clientport=10000&httpPort=9003&load=0
Error: Not Found
    at G:\happyGame\2\server\common\common_app.js:86:15
    at Layer.handle [as handle_request] (G:\happyGame\2\server\node_modules\express\lib\router\layer.js:95:5)
    at trim_prefix (G:\happyGame\2\server\node_modules\express\lib\router\index.js:317:13)
    at G:\happyGame\2\server\node_modules\express\lib\router\index.js:284:7
    at Function.process_params (G:\happyGame\2\server\node_modules\express\lib\router\index.js:335:12)
    at next (G:\happyGame\2\server\node_modules\express\lib\router\index.js:275:10)
    at SendStream.error (G:\happyGame\2\server\node_modules\serve-static\index.js:121:7)
    at SendStream.emit (events.js:189:13)
    at SendStream.error (G:\happyGame\2\server\node_modules\send\index.js:270:17)
    at SendStream.onStatError (G:\happyGame\2\server\node_modules\send\index.js:421:12)


[2019-6-1 8:43:40] GET /register_gs?id=001&clientip=127.0.0.1&clientport=10000&httpPort=9003&load=0
Error: Not Found
    at G:\happyGame\2\server\common\common_app.js:86:15
    at Layer.handle [as handle_request] (G:\happyGame\2\server\node_modules\express\lib\router\layer.js:95:5)
    at trim_prefix (G:\happyGame\2\server\node_modules\express\lib\router\index.js:317:13)
    at G:\happyGame\2\server\node_modules\express\lib\router\index.js:284:7
    at Function.process_params (G:\happyGame\2\server\node_modules\express\lib\router\index.js:335:12)
    at next (G:\happyGame\2\server\node_modules\express\lib\router\index.js:275:10)
    at SendStream.error (G:\happyGame\2\server\node_modules\serve-static\index.js:121:7)
    at SendStream.emit (events.js:189:13)
    at SendStream.error (G:\happyGame\2\server\node_modules\send\index.js:270:17)
    at SendStream.onStatError (G:\happyGame\2\server\node_modules\send\index.js:421:12)


[2019-6-1 8:43:45] GET /register_gs?id=001&clientip=127.0.0.1&clientport=10000&httpPort=9003&load=0
Error: Not Found
    at G:\happyGame\2\server\common\common_app.js:86:15
    at Layer.handle [as handle_request] (G:\happyGame\2\server\node_modules\express\lib\router\layer.js:95:5)
    at trim_prefix (G:\happyGame\2\server\node_modules\express\lib\router\index.js:317:13)
    at G:\happyGame\2\server\node_modules\express\lib\router\index.js:284:7
    at Function.process_params (G:\happyGame\2\server\node_modules\express\lib\router\index.js:335:12)
    at next (G:\happyGame\2\server\node_modules\express\lib\router\index.js:275:10)
    at SendStream.error (G:\happyGame\2\server\node_modules\serve-static\index.js:121:7)
    at SendStream.emit (events.js:189:13)
    at SendStream.error (G:\happyGame\2\server\node_modules\send\index.js:270:17)
    at SendStream.onStatError (G:\happyGame\2\server\node_modules\send\index.js:421:12)


[2019-6-1 8:43:50] GET /register_gs?id=001&clientip=127.0.0.1&clientport=10000&httpPort=9003&load=0
Error: Not Found
    at G:\happyGame\2\server\common\common_app.js:86:15
    at Layer.handle [as handle_request] (G:\happyGame\2\server\node_modules\express\lib\router\layer.js:95:5)
    at trim_prefix (G:\happyGame\2\server\node_modules\express\lib\router\index.js:317:13)
    at G:\happyGame\2\server\node_modules\express\lib\router\index.js:284:7
    at Function.process_params (G:\happyGame\2\server\node_modules\express\lib\router\index.js:335:12)
    at next (G:\happyGame\2\server\node_modules\express\lib\router\index.js:275:10)
    at SendStream.error (G:\happyGame\2\server\node_modules\serve-static\index.js:121:7)
    at SendStream.emit (events.js:189:13)
    at SendStream.error (G:\happyGame\2\server\node_modules\send\index.js:270:17)
    at SendStream.onStatError (G:\happyGame\2\server\node_modules\send\index.js:421:12)


[2019-6-1 8:43:55] GET /register_gs?id=001&clientip=127.0.0.1&clientport=10000&httpPort=9003&load=0
Error: Not Found
    at G:\happyGame\2\server\common\common_app.js:86:15
    at Layer.handle [as handle_request] (G:\happyGame\2\server\node_modules\express\lib\router\layer.js:95:5)
    at trim_prefix (G:\happyGame\2\server\node_modules\express\lib\router\index.js:317:13)
    at G:\happyGame\2\server\node_modules\express\lib\router\index.js:284:7
    at Function.process_params (G:\happyGame\2\server\node_modules\express\lib\router\index.js:335:12)
    at next (G:\happyGame\2\server\node_modules\express\lib\router\index.js:275:10)
    at SendStream.error (G:\happyGame\2\server\node_modules\serve-static\index.js:121:7)
    at SendStream.emit (events.js:189:13)
    at SendStream.error (G:\happyGame\2\server\node_modules\send\index.js:270:17)
    at SendStream.onStatError (G:\happyGame\2\server\node_modules\send\index.js:421:12)


[2019-6-1 8:43:58] GET /auth?account=13812312312&password=
Error: Not Found
    at G:\happyGame\2\server\common\common_app.js:86:15
    at Layer.handle [as handle_request] (G:\happyGame\2\server\node_modules\express\lib\router\layer.js:95:5)
    at trim_prefix (G:\happyGame\2\server\node_modules\express\lib\router\index.js:317:13)
    at G:\happyGame\2\server\node_modules\express\lib\router\index.js:284:7
    at Function.process_params (G:\happyGame\2\server\node_modules\express\lib\router\index.js:335:12)
    at next (G:\happyGame\2\server\node_modules\express\lib\router\index.js:275:10)
    at SendStream.error (G:\happyGame\2\server\node_modules\serve-static\index.js:121:7)
    at SendStream.emit (events.js:189:13)
    at SendStream.error (G:\happyGame\2\server\node_modules\send\index.js:270:17)
    at SendStream.onStatError (G:\happyGame\2\server\node_modules\send\index.js:421:12)


[2019-6-1 8:43:59] GET /login?account=vivi_13812312312&sign=a57c39b7ac928ed83cd8407006f4421f
Error: Not Found
    at G:\happyGame\2\server\common\common_app.js:86:15
    at Layer.handle [as handle_request] (G:\happyGame\2\server\node_modules\express\lib\router\layer.js:95:5)
    at trim_prefix (G:\happyGame\2\server\node_modules\express\lib\router\index.js:317:13)
    at G:\happyGame\2\server\node_modules\express\lib\router\index.js:284:7
    at Function.process_params (G:\happyGame\2\server\node_modules\express\lib\router\index.js:335:12)
    at next (G:\happyGame\2\server\node_modules\express\lib\router\index.js:275:10)
    at SendStream.error (G:\happyGame\2\server\node_modules\serve-static\index.js:121:7)
    at SendStream.emit (events.js:189:13)
    at SendStream.error (G:\happyGame\2\server\node_modules\send\index.js:270:17)
    at SendStream.onStatError (G:\happyGame\2\server\node_modules\send\index.js:421:12)


[2019-6-1 8:43:59] GET /get_gameList?account=vivi_13812312312&sign=a57c39b7ac928ed83cd8407006f4421f
Error: Not Found
    at G:\happyGame\2\server\common\common_app.js:86:15
    at Layer.handle [as handle_request] (G:\happyGame\2\server\node_modules\express\lib\router\layer.js:95:5)
    at trim_prefix (G:\happyGame\2\server\node_modules\express\lib\router\index.js:317:13)
    at G:\happyGame\2\server\node_modules\express\lib\router\index.js:284:7
    at Function.process_params (G:\happyGame\2\server\node_modules\express\lib\router\index.js:335:12)
    at next (G:\happyGame\2\server\node_modules\express\lib\router\index.js:275:10)
    at SendStream.error (G:\happyGame\2\server\node_modules\serve-static\index.js:121:7)
    at SendStream.emit (events.js:189:13)
    at SendStream.error (G:\happyGame\2\server\node_modules\send\index.js:270:17)
    at SendStream.onStatError (G:\happyGame\2\server\node_modules\send\index.js:421:12)


[2019-6-1 8:43:59] GET /base_info?userId=244849
Error: Not Found
    at G:\happyGame\2\server\common\common_app.js:86:15
    at Layer.handle [as handle_request] (G:\happyGame\2\server\node_modules\express\lib\router\layer.js:95:5)
    at trim_prefix (G:\happyGame\2\server\node_modules\express\lib\router\index.js:317:13)
    at G:\happyGame\2\server\node_modules\express\lib\router\index.js:284:7
    at Function.process_params (G:\happyGame\2\server\node_modules\express\lib\router\index.js:335:12)
    at next (G:\happyGame\2\server\node_modules\express\lib\router\index.js:275:10)
    at SendStream.error (G:\happyGame\2\server\node_modules\serve-static\index.js:121:7)
    at SendStream.emit (events.js:189:13)
    at SendStream.error (G:\happyGame\2\server\node_modules\send\index.js:270:17)
    at SendStream.onStatError (G:\happyGame\2\server\node_modules\send\index.js:421:12)


[2019-6-1 8:43:59] HEAD /image?url=null.jpg
Error: Not Found
    at G:\happyGame\2\server\common\common_app.js:86:15
    at Layer.handle [as handle_request] (G:\happyGame\2\server\node_modules\express\lib\router\layer.js:95:5)
    at trim_prefix (G:\happyGame\2\server\node_modules\express\lib\router\index.js:317:13)
    at G:\happyGame\2\server\node_modules\express\lib\router\index.js:284:7
    at Function.process_params (G:\happyGame\2\server\node_modules\express\lib\router\index.js:335:12)
    at next (G:\happyGame\2\server\node_modules\express\lib\router\index.js:275:10)
    at SendStream.error (G:\happyGame\2\server\node_modules\serve-static\index.js:121:7)
    at SendStream.emit (events.js:189:13)
    at SendStream.error (G:\happyGame\2\server\node_modules\send\index.js:270:17)
    at SendStream.onStatError (G:\happyGame\2\server\node_modules\send\index.js:421:12)


[2019-6-1 8:43:59] GET /image?url=null.jpg
Error: Not Found
    at G:\happyGame\2\server\common\common_app.js:86:15
    at Layer.handle [as handle_request] (G:\happyGame\2\server\node_modules\express\lib\router\layer.js:95:5)
    at trim_prefix (G:\happyGame\2\server\node_modules\express\lib\router\index.js:317:13)
    at G:\happyGame\2\server\node_modules\express\lib\router\index.js:284:7
    at Function.process_params (G:\happyGame\2\server\node_modules\express\lib\router\index.js:335:12)
    at next (G:\happyGame\2\server\node_modules\express\lib\router\index.js:275:10)
    at SendStream.error (G:\happyGame\2\server\node_modules\serve-static\index.js:121:7)
    at SendStream.emit (events.js:189:13)
    at SendStream.error (G:\happyGame\2\server\node_modules\send\index.js:270:17)
    at SendStream.onStatError (G:\happyGame\2\server\node_modules\send\index.js:421:12)


[2019-6-1 8:44:0] GET /register_gs?id=001&clientip=127.0.0.1&clientport=10000&httpPort=9003&load=0
Error: Not Found
    at G:\happyGame\2\server\common\common_app.js:86:15
    at Layer.handle [as handle_request] (G:\happyGame\2\server\node_modules\express\lib\router\layer.js:95:5)
    at trim_prefix (G:\happyGame\2\server\node_modules\express\lib\router\index.js:317:13)
    at G:\happyGame\2\server\node_modules\express\lib\router\index.js:284:7
    at Function.process_params (G:\happyGame\2\server\node_modules\express\lib\router\index.js:335:12)
    at next (G:\happyGame\2\server\node_modules\express\lib\router\index.js:275:10)
    at SendStream.error (G:\happyGame\2\server\node_modules\serve-static\index.js:121:7)
    at SendStream.emit (events.js:189:13)
    at SendStream.error (G:\happyGame\2\server\node_modules\send\index.js:270:17)
    at SendStream.onStatError (G:\happyGame\2\server\node_modules\send\index.js:421:12)


[2019-6-1 8:44:4] GET /base_info?userId=244849
Error: Not Found
    at G:\happyGame\2\server\common\common_app.js:86:15
    at Layer.handle [as handle_request] (G:\happyGame\2\server\node_modules\express\lib\router\layer.js:95:5)
    at trim_prefix (G:\happyGame\2\server\node_modules\express\lib\router\index.js:317:13)
    at G:\happyGame\2\server\node_modules\express\lib\router\index.js:284:7
    at Function.process_params (G:\happyGame\2\server\node_modules\express\lib\router\index.js:335:12)
    at next (G:\happyGame\2\server\node_modules\express\lib\router\index.js:275:10)
    at SendStream.error (G:\happyGame\2\server\node_modules\serve-static\index.js:121:7)
    at SendStream.emit (events.js:189:13)
    at SendStream.error (G:\happyGame\2\server\node_modules\send\index.js:270:17)
    at SendStream.onStatError (G:\happyGame\2\server\node_modules\send\index.js:421:12)


[2019-6-1 8:44:5] GET /register_gs?id=001&clientip=127.0.0.1&clientport=10000&httpPort=9003&load=0
Error: Not Found
    at G:\happyGame\2\server\common\common_app.js:86:15
    at Layer.handle [as handle_request] (G:\happyGame\2\server\node_modules\express\lib\router\layer.js:95:5)
    at trim_prefix (G:\happyGame\2\server\node_modules\express\lib\router\index.js:317:13)
    at G:\happyGame\2\server\node_modules\express\lib\router\index.js:284:7
    at Function.process_params (G:\happyGame\2\server\node_modules\express\lib\router\index.js:335:12)
    at next (G:\happyGame\2\server\node_modules\express\lib\router\index.js:275:10)
    at SendStream.error (G:\happyGame\2\server\node_modules\serve-static\index.js:121:7)
    at SendStream.emit (events.js:189:13)
    at SendStream.error (G:\happyGame\2\server\node_modules\send\index.js:270:17)
    at SendStream.onStatError (G:\happyGame\2\server\node_modules\send\index.js:421:12)


[2019-6-1 8:44:6] GET /base_info?userId=244849
Error: Not Found
    at G:\happyGame\2\server\common\common_app.js:86:15
    at Layer.handle [as handle_request] (G:\happyGame\2\server\node_modules\express\lib\router\layer.js:95:5)
    at trim_prefix (G:\happyGame\2\server\node_modules\express\lib\router\index.js:317:13)
    at G:\happyGame\2\server\node_modules\express\lib\router\index.js:284:7
    at Function.process_params (G:\happyGame\2\server\node_modules\express\lib\router\index.js:335:12)
    at next (G:\happyGame\2\server\node_modules\express\lib\router\index.js:275:10)
    at SendStream.error (G:\happyGame\2\server\node_modules\serve-static\index.js:121:7)
    at SendStream.emit (events.js:189:13)
    at SendStream.error (G:\happyGame\2\server\node_modules\send\index.js:270:17)
    at SendStream.onStatError (G:\happyGame\2\server\node_modules\send\index.js:421:12)


[2019-6-1 8:44:11] GET /register_gs?id=001&clientip=127.0.0.1&clientport=10000&httpPort=9003&load=0
Error: Not Found
    at G:\happyGame\2\server\common\common_app.js:86:15
    at Layer.handle [as handle_request] (G:\happyGame\2\server\node_modules\express\lib\router\layer.js:95:5)
    at trim_prefix (G:\happyGame\2\server\node_modules\express\lib\router\index.js:317:13)
    at G:\happyGame\2\server\node_modules\express\lib\router\index.js:284:7
    at Function.process_params (G:\happyGame\2\server\node_modules\express\lib\router\index.js:335:12)
    at next (G:\happyGame\2\server\node_modules\express\lib\router\index.js:275:10)
    at SendStream.error (G:\happyGame\2\server\node_modules\serve-static\index.js:121:7)
    at SendStream.emit (events.js:189:13)
    at SendStream.error (G:\happyGame\2\server\node_modules\send\index.js:270:17)
    at SendStream.onStatError (G:\happyGame\2\server\node_modules\send\index.js:421:12)


[2019-6-1 8:44:16] GET /register_gs?id=001&clientip=127.0.0.1&clientport=10000&httpPort=9003&load=0
Error: Not Found
    at G:\happyGame\2\server\common\common_app.js:86:15
    at Layer.handle [as handle_request] (G:\happyGame\2\server\node_modules\express\lib\router\layer.js:95:5)
    at trim_prefix (G:\happyGame\2\server\node_modules\express\lib\router\index.js:317:13)
    at G:\happyGame\2\server\node_modules\express\lib\router\index.js:284:7
    at Function.process_params (G:\happyGame\2\server\node_modules\express\lib\router\index.js:335:12)
    at next (G:\happyGame\2\server\node_modules\express\lib\router\index.js:275:10)
    at SendStream.error (G:\happyGame\2\server\node_modules\serve-static\index.js:121:7)
    at SendStream.emit (events.js:189:13)
    at SendStream.error (G:\happyGame\2\server\node_modules\send\index.js:270:17)
    at SendStream.onStatError (G:\happyGame\2\server\node_modules\send\index.js:421:12)


[2019-6-1 8:44:21] GET /register_gs?id=001&clientip=127.0.0.1&clientport=10000&httpPort=9003&load=0
Error: Not Found
    at G:\happyGame\2\server\common\common_app.js:86:15
    at Layer.handle [as handle_request] (G:\happyGame\2\server\node_modules\express\lib\router\layer.js:95:5)
    at trim_prefix (G:\happyGame\2\server\node_modules\express\lib\router\index.js:317:13)
    at G:\happyGame\2\server\node_modules\express\lib\router\index.js:284:7
    at Function.process_params (G:\happyGame\2\server\node_modules\express\lib\router\index.js:335:12)
    at next (G:\happyGame\2\server\node_modules\express\lib\router\index.js:275:10)
    at SendStream.error (G:\happyGame\2\server\node_modules\serve-static\index.js:121:7)
    at SendStream.emit (events.js:189:13)
    at SendStream.error (G:\happyGame\2\server\node_modules\send\index.js:270:17)
    at SendStream.onStatError (G:\happyGame\2\server\node_modules\send\index.js:421:12)


[2019-6-1 8:44:26] GET /register_gs?id=001&clientip=127.0.0.1&clientport=10000&httpPort=9003&load=0
Error: Not Found
    at G:\happyGame\2\server\common\common_app.js:86:15
    at Layer.handle [as handle_request] (G:\happyGame\2\server\node_modules\express\lib\router\layer.js:95:5)
    at trim_prefix (G:\happyGame\2\server\node_modules\express\lib\router\index.js:317:13)
    at G:\happyGame\2\server\node_modules\express\lib\router\index.js:284:7
    at Function.process_params (G:\happyGame\2\server\node_modules\express\lib\router\index.js:335:12)
    at next (G:\happyGame\2\server\node_modules\express\lib\router\index.js:275:10)
    at SendStream.error (G:\happyGame\2\server\node_modules\serve-static\index.js:121:7)
    at SendStream.emit (events.js:189:13)
    at SendStream.error (G:\happyGame\2\server\node_modules\send\index.js:270:17)
    at SendStream.onStatError (G:\happyGame\2\server\node_modules\send\index.js:421:12)


[2019-6-1 8:44:31] GET /register_gs?id=001&clientip=127.0.0.1&clientport=10000&httpPort=9003&load=0
Error: Not Found
    at G:\happyGame\2\server\common\common_app.js:86:15
    at Layer.handle [as handle_request] (G:\happyGame\2\server\node_modules\express\lib\router\layer.js:95:5)
    at trim_prefix (G:\happyGame\2\server\node_modules\express\lib\router\index.js:317:13)
    at G:\happyGame\2\server\node_modules\express\lib\router\index.js:284:7
    at Function.process_params (G:\happyGame\2\server\node_modules\express\lib\router\index.js:335:12)
    at next (G:\happyGame\2\server\node_modules\express\lib\router\index.js:275:10)
    at SendStream.error (G:\happyGame\2\server\node_modules\serve-static\index.js:121:7)
    at SendStream.emit (events.js:189:13)
    at SendStream.error (G:\happyGame\2\server\node_modules\send\index.js:270:17)
    at SendStream.onStatError (G:\happyGame\2\server\node_modules\send\index.js:421:12)


[2019-6-1 8:44:36] GET /register_gs?id=001&clientip=127.0.0.1&clientport=10000&httpPort=9003&load=0
Error: Not Found
    at G:\happyGame\2\server\common\common_app.js:86:15
    at Layer.handle [as handle_request] (G:\happyGame\2\server\node_modules\express\lib\router\layer.js:95:5)
    at trim_prefix (G:\happyGame\2\server\node_modules\express\lib\router\index.js:317:13)
    at G:\happyGame\2\server\node_modules\express\lib\router\index.js:284:7
    at Function.process_params (G:\happyGame\2\server\node_modules\express\lib\router\index.js:335:12)
    at next (G:\happyGame\2\server\node_modules\express\lib\router\index.js:275:10)
    at SendStream.error (G:\happyGame\2\server\node_modules\serve-static\index.js:121:7)
    at SendStream.emit (events.js:189:13)
    at SendStream.error (G:\happyGame\2\server\node_modules\send\index.js:270:17)
    at SendStream.onStatError (G:\happyGame\2\server\node_modules\send\index.js:421:12)


[2019-6-1 8:44:41] GET /register_gs?id=001&clientip=127.0.0.1&clientport=10000&httpPort=9003&load=0
Error: Not Found
    at G:\happyGame\2\server\common\common_app.js:86:15
    at Layer.handle [as handle_request] (G:\happyGame\2\server\node_modules\express\lib\router\layer.js:95:5)
    at trim_prefix (G:\happyGame\2\server\node_modules\express\lib\router\index.js:317:13)
    at G:\happyGame\2\server\node_modules\express\lib\router\index.js:284:7
    at Function.process_params (G:\happyGame\2\server\node_modules\express\lib\router\index.js:335:12)
    at next (G:\happyGame\2\server\node_modules\express\lib\router\index.js:275:10)
    at SendStream.error (G:\happyGame\2\server\node_modules\serve-static\index.js:121:7)
    at SendStream.emit (events.js:189:13)
    at SendStream.error (G:\happyGame\2\server\node_modules\send\index.js:270:17)
    at SendStream.onStatError (G:\happyGame\2\server\node_modules\send\index.js:421:12)


[2019-6-1 8:44:46] GET /register_gs?id=001&clientip=127.0.0.1&clientport=10000&httpPort=9003&load=0
Error: Not Found
    at G:\happyGame\2\server\common\common_app.js:86:15
    at Layer.handle [as handle_request] (G:\happyGame\2\server\node_modules\express\lib\router\layer.js:95:5)
    at trim_prefix (G:\happyGame\2\server\node_modules\express\lib\router\index.js:317:13)
    at G:\happyGame\2\server\node_modules\express\lib\router\index.js:284:7
    at Function.process_params (G:\happyGame\2\server\node_modules\express\lib\router\index.js:335:12)
    at next (G:\happyGame\2\server\node_modules\express\lib\router\index.js:275:10)
    at SendStream.error (G:\happyGame\2\server\node_modules\serve-static\index.js:121:7)
    at SendStream.emit (events.js:189:13)
    at SendStream.error (G:\happyGame\2\server\node_modules\send\index.js:270:17)
    at SendStream.onStatError (G:\happyGame\2\server\node_modules\send\index.js:421:12)


[2019-6-1 8:44:51] GET /register_gs?id=001&clientip=127.0.0.1&clientport=10000&httpPort=9003&load=0
Error: Not Found
    at G:\happyGame\2\server\common\common_app.js:86:15
    at Layer.handle [as handle_request] (G:\happyGame\2\server\node_modules\express\lib\router\layer.js:95:5)
    at trim_prefix (G:\happyGame\2\server\node_modules\express\lib\router\index.js:317:13)
    at G:\happyGame\2\server\node_modules\express\lib\router\index.js:284:7
    at Function.process_params (G:\happyGame\2\server\node_modules\express\lib\router\index.js:335:12)
    at next (G:\happyGame\2\server\node_modules\express\lib\router\index.js:275:10)
    at SendStream.error (G:\happyGame\2\server\node_modules\serve-static\index.js:121:7)
    at SendStream.emit (events.js:189:13)
    at SendStream.error (G:\happyGame\2\server\node_modules\send\index.js:270:17)
    at SendStream.onStatError (G:\happyGame\2\server\node_modules\send\index.js:421:12)


[2019-6-1 8:44:56] GET /register_gs?id=001&clientip=127.0.0.1&clientport=10000&httpPort=9003&load=0
Error: Not Found
    at G:\happyGame\2\server\common\common_app.js:86:15
    at Layer.handle [as handle_request] (G:\happyGame\2\server\node_modules\express\lib\router\layer.js:95:5)
    at trim_prefix (G:\happyGame\2\server\node_modules\express\lib\router\index.js:317:13)
    at G:\happyGame\2\server\node_modules\express\lib\router\index.js:284:7
    at Function.process_params (G:\happyGame\2\server\node_modules\express\lib\router\index.js:335:12)
    at next (G:\happyGame\2\server\node_modules\express\lib\router\index.js:275:10)
    at SendStream.error (G:\happyGame\2\server\node_modules\serve-static\index.js:121:7)
    at SendStream.emit (events.js:189:13)
    at SendStream.error (G:\happyGame\2\server\node_modules\send\index.js:270:17)
    at SendStream.onStatError (G:\happyGame\2\server\node_modules\send\index.js:421:12)


[2019-6-1 8:45:1] GET /register_gs?id=001&clientip=127.0.0.1&clientport=10000&httpPort=9003&load=0
Error: Not Found
    at G:\happyGame\2\server\common\common_app.js:86:15
    at Layer.handle [as handle_request] (G:\happyGame\2\server\node_modules\express\lib\router\layer.js:95:5)
    at trim_prefix (G:\happyGame\2\server\node_modules\express\lib\router\index.js:317:13)
    at G:\happyGame\2\server\node_modules\express\lib\router\index.js:284:7
    at Function.process_params (G:\happyGame\2\server\node_modules\express\lib\router\index.js:335:12)
    at next (G:\happyGame\2\server\node_modules\express\lib\router\index.js:275:10)
    at SendStream.error (G:\happyGame\2\server\node_modules\serve-static\index.js:121:7)
    at SendStream.emit (events.js:189:13)
    at SendStream.error (G:\happyGame\2\server\node_modules\send\index.js:270:17)
    at SendStream.onStatError (G:\happyGame\2\server\node_modules\send\index.js:421:12)


[2019-6-1 8:45:6] GET /register_gs?id=001&clientip=127.0.0.1&clientport=10000&httpPort=9003&load=0
Error: Not Found
    at G:\happyGame\2\server\common\common_app.js:86:15
    at Layer.handle [as handle_request] (G:\happyGame\2\server\node_modules\express\lib\router\layer.js:95:5)
    at trim_prefix (G:\happyGame\2\server\node_modules\express\lib\router\index.js:317:13)
    at G:\happyGame\2\server\node_modules\express\lib\router\index.js:284:7
    at Function.process_params (G:\happyGame\2\server\node_modules\express\lib\router\index.js:335:12)
    at next (G:\happyGame\2\server\node_modules\express\lib\router\index.js:275:10)
    at SendStream.error (G:\happyGame\2\server\node_modules\serve-static\index.js:121:7)
    at SendStream.emit (events.js:189:13)
    at SendStream.error (G:\happyGame\2\server\node_modules\send\index.js:270:17)
    at SendStream.onStatError (G:\happyGame\2\server\node_modules\send\index.js:421:12)


[2019-6-1 8:45:11] GET /register_gs?id=001&clientip=127.0.0.1&clientport=10000&httpPort=9003&load=0
Error: Not Found
    at G:\happyGame\2\server\common\common_app.js:86:15
    at Layer.handle [as handle_request] (G:\happyGame\2\server\node_modules\express\lib\router\layer.js:95:5)
    at trim_prefix (G:\happyGame\2\server\node_modules\express\lib\router\index.js:317:13)
    at G:\happyGame\2\server\node_modules\express\lib\router\index.js:284:7
    at Function.process_params (G:\happyGame\2\server\node_modules\express\lib\router\index.js:335:12)
    at next (G:\happyGame\2\server\node_modules\express\lib\router\index.js:275:10)
    at SendStream.error (G:\happyGame\2\server\node_modules\serve-static\index.js:121:7)
    at SendStream.emit (events.js:189:13)
    at SendStream.error (G:\happyGame\2\server\node_modules\send\index.js:270:17)
    at SendStream.onStatError (G:\happyGame\2\server\node_modules\send\index.js:421:12)


[2019-6-1 8:45:16] GET /register_gs?id=001&clientip=127.0.0.1&clientport=10000&httpPort=9003&load=0
Error: Not Found
    at G:\happyGame\2\server\common\common_app.js:86:15
    at Layer.handle [as handle_request] (G:\happyGame\2\server\node_modules\express\lib\router\layer.js:95:5)
    at trim_prefix (G:\happyGame\2\server\node_modules\express\lib\router\index.js:317:13)
    at G:\happyGame\2\server\node_modules\express\lib\router\index.js:284:7
    at Function.process_params (G:\happyGame\2\server\node_modules\express\lib\router\index.js:335:12)
    at next (G:\happyGame\2\server\node_modules\express\lib\router\index.js:275:10)
    at SendStream.error (G:\happyGame\2\server\node_modules\serve-static\index.js:121:7)
    at SendStream.emit (events.js:189:13)
    at SendStream.error (G:\happyGame\2\server\node_modules\send\index.js:270:17)
    at SendStream.onStatError (G:\happyGame\2\server\node_modules\send\index.js:421:12)


[2019-6-1 8:45:21] GET /register_gs?id=001&clientip=127.0.0.1&clientport=10000&httpPort=9003&load=0
Error: Not Found
    at G:\happyGame\2\server\common\common_app.js:86:15
    at Layer.handle [as handle_request] (G:\happyGame\2\server\node_modules\express\lib\router\layer.js:95:5)
    at trim_prefix (G:\happyGame\2\server\node_modules\express\lib\router\index.js:317:13)
    at G:\happyGame\2\server\node_modules\express\lib\router\index.js:284:7
    at Function.process_params (G:\happyGame\2\server\node_modules\express\lib\router\index.js:335:12)
    at next (G:\happyGame\2\server\node_modules\express\lib\router\index.js:275:10)
    at SendStream.error (G:\happyGame\2\server\node_modules\serve-static\index.js:121:7)
    at SendStream.emit (events.js:189:13)
    at SendStream.error (G:\happyGame\2\server\node_modules\send\index.js:270:17)
    at SendStream.onStatError (G:\happyGame\2\server\node_modules\send\index.js:421:12)


[2019-6-1 8:45:26] GET /register_gs?id=001&clientip=127.0.0.1&clientport=10000&httpPort=9003&load=0
Error: Not Found
    at G:\happyGame\2\server\common\common_app.js:86:15
    at Layer.handle [as handle_request] (G:\happyGame\2\server\node_modules\express\lib\router\layer.js:95:5)
    at trim_prefix (G:\happyGame\2\server\node_modules\express\lib\router\index.js:317:13)
    at G:\happyGame\2\server\node_modules\express\lib\router\index.js:284:7
    at Function.process_params (G:\happyGame\2\server\node_modules\express\lib\router\index.js:335:12)
    at next (G:\happyGame\2\server\node_modules\express\lib\router\index.js:275:10)
    at SendStream.error (G:\happyGame\2\server\node_modules\serve-static\index.js:121:7)
    at SendStream.emit (events.js:189:13)
    at SendStream.error (G:\happyGame\2\server\node_modules\send\index.js:270:17)
    at SendStream.onStatError (G:\happyGame\2\server\node_modules\send\index.js:421:12)


[2019-6-1 8:45:31] GET /register_gs?id=001&clientip=127.0.0.1&clientport=10000&httpPort=9003&load=0
Error: Not Found
    at G:\happyGame\2\server\common\common_app.js:86:15
    at Layer.handle [as handle_request] (G:\happyGame\2\server\node_modules\express\lib\router\layer.js:95:5)
    at trim_prefix (G:\happyGame\2\server\node_modules\express\lib\router\index.js:317:13)
    at G:\happyGame\2\server\node_modules\express\lib\router\index.js:284:7
    at Function.process_params (G:\happyGame\2\server\node_modules\express\lib\router\index.js:335:12)
    at next (G:\happyGame\2\server\node_modules\express\lib\router\index.js:275:10)
    at SendStream.error (G:\happyGame\2\server\node_modules\serve-static\index.js:121:7)
    at SendStream.emit (events.js:189:13)
    at SendStream.error (G:\happyGame\2\server\node_modules\send\index.js:270:17)
    at SendStream.onStatError (G:\happyGame\2\server\node_modules\send\index.js:421:12)


[2019-6-1 8:45:36] GET /register_gs?id=001&clientip=127.0.0.1&clientport=10000&httpPort=9003&load=0
Error: Not Found
    at G:\happyGame\2\server\common\common_app.js:86:15
    at Layer.handle [as handle_request] (G:\happyGame\2\server\node_modules\express\lib\router\layer.js:95:5)
    at trim_prefix (G:\happyGame\2\server\node_modules\express\lib\router\index.js:317:13)
    at G:\happyGame\2\server\node_modules\express\lib\router\index.js:284:7
    at Function.process_params (G:\happyGame\2\server\node_modules\express\lib\router\index.js:335:12)
    at next (G:\happyGame\2\server\node_modules\express\lib\router\index.js:275:10)
    at SendStream.error (G:\happyGame\2\server\node_modules\serve-static\index.js:121:7)
    at SendStream.emit (events.js:189:13)
    at SendStream.error (G:\happyGame\2\server\node_modules\send\index.js:270:17)
    at SendStream.onStatError (G:\happyGame\2\server\node_modules\send\index.js:421:12)


[2019-6-1 8:45:41] GET /register_gs?id=001&clientip=127.0.0.1&clientport=10000&httpPort=9003&load=0
Error: Not Found
    at G:\happyGame\2\server\common\common_app.js:86:15
    at Layer.handle [as handle_request] (G:\happyGame\2\server\node_modules\express\lib\router\layer.js:95:5)
    at trim_prefix (G:\happyGame\2\server\node_modules\express\lib\router\index.js:317:13)
    at G:\happyGame\2\server\node_modules\express\lib\router\index.js:284:7
    at Function.process_params (G:\happyGame\2\server\node_modules\express\lib\router\index.js:335:12)
    at next (G:\happyGame\2\server\node_modules\express\lib\router\index.js:275:10)
    at SendStream.error (G:\happyGame\2\server\node_modules\serve-static\index.js:121:7)
    at SendStream.emit (events.js:189:13)
    at SendStream.error (G:\happyGame\2\server\node_modules\send\index.js:270:17)
    at SendStream.onStatError (G:\happyGame\2\server\node_modules\send\index.js:421:12)


[2019-6-1 8:45:46] GET /register_gs?id=001&clientip=127.0.0.1&clientport=10000&httpPort=9003&load=0
Error: Not Found
    at G:\happyGame\2\server\common\common_app.js:86:15
    at Layer.handle [as handle_request] (G:\happyGame\2\server\node_modules\express\lib\router\layer.js:95:5)
    at trim_prefix (G:\happyGame\2\server\node_modules\express\lib\router\index.js:317:13)
    at G:\happyGame\2\server\node_modules\express\lib\router\index.js:284:7
    at Function.process_params (G:\happyGame\2\server\node_modules\express\lib\router\index.js:335:12)
    at next (G:\happyGame\2\server\node_modules\express\lib\router\index.js:275:10)
    at SendStream.error (G:\happyGame\2\server\node_modules\serve-static\index.js:121:7)
    at SendStream.emit (events.js:189:13)
    at SendStream.error (G:\happyGame\2\server\node_modules\send\index.js:270:17)
    at SendStream.onStatError (G:\happyGame\2\server\node_modules\send\index.js:421:12)


[2019-6-1 8:45:51] GET /register_gs?id=001&clientip=127.0.0.1&clientport=10000&httpPort=9003&load=0
Error: Not Found
    at G:\happyGame\2\server\common\common_app.js:86:15
    at Layer.handle [as handle_request] (G:\happyGame\2\server\node_modules\express\lib\router\layer.js:95:5)
    at trim_prefix (G:\happyGame\2\server\node_modules\express\lib\router\index.js:317:13)
    at G:\happyGame\2\server\node_modules\express\lib\router\index.js:284:7
    at Function.process_params (G:\happyGame\2\server\node_modules\express\lib\router\index.js:335:12)
    at next (G:\happyGame\2\server\node_modules\express\lib\router\index.js:275:10)
    at SendStream.error (G:\happyGame\2\server\node_modules\serve-static\index.js:121:7)
    at SendStream.emit (events.js:189:13)
    at SendStream.error (G:\happyGame\2\server\node_modules\send\index.js:270:17)
    at SendStream.onStatError (G:\happyGame\2\server\node_modules\send\index.js:421:12)


[2019-6-1 8:45:56] GET /register_gs?id=001&clientip=127.0.0.1&clientport=10000&httpPort=9003&load=0
Error: Not Found
    at G:\happyGame\2\server\common\common_app.js:86:15
    at Layer.handle [as handle_request] (G:\happyGame\2\server\node_modules\express\lib\router\layer.js:95:5)
    at trim_prefix (G:\happyGame\2\server\node_modules\express\lib\router\index.js:317:13)
    at G:\happyGame\2\server\node_modules\express\lib\router\index.js:284:7
    at Function.process_params (G:\happyGame\2\server\node_modules\express\lib\router\index.js:335:12)
    at next (G:\happyGame\2\server\node_modules\express\lib\router\index.js:275:10)
    at SendStream.error (G:\happyGame\2\server\node_modules\serve-static\index.js:121:7)
    at SendStream.emit (events.js:189:13)
    at SendStream.error (G:\happyGame\2\server\node_modules\send\index.js:270:17)
    at SendStream.onStatError (G:\happyGame\2\server\node_modules\send\index.js:421:12)


[2019-6-1 8:46:1] GET /register_gs?id=001&clientip=127.0.0.1&clientport=10000&httpPort=9003&load=0
Error: Not Found
    at G:\happyGame\2\server\common\common_app.js:86:15
    at Layer.handle [as handle_request] (G:\happyGame\2\server\node_modules\express\lib\router\layer.js:95:5)
    at trim_prefix (G:\happyGame\2\server\node_modules\express\lib\router\index.js:317:13)
    at G:\happyGame\2\server\node_modules\express\lib\router\index.js:284:7
    at Function.process_params (G:\happyGame\2\server\node_modules\express\lib\router\index.js:335:12)
    at next (G:\happyGame\2\server\node_modules\express\lib\router\index.js:275:10)
    at SendStream.error (G:\happyGame\2\server\node_modules\serve-static\index.js:121:7)
    at SendStream.emit (events.js:189:13)
    at SendStream.error (G:\happyGame\2\server\node_modules\send\index.js:270:17)
    at SendStream.onStatError (G:\happyGame\2\server\node_modules\send\index.js:421:12)


[2019-6-1 8:46:6] GET /register_gs?id=001&clientip=127.0.0.1&clientport=10000&httpPort=9003&load=0
Error: Not Found
    at G:\happyGame\2\server\common\common_app.js:86:15
    at Layer.handle [as handle_request] (G:\happyGame\2\server\node_modules\express\lib\router\layer.js:95:5)
    at trim_prefix (G:\happyGame\2\server\node_modules\express\lib\router\index.js:317:13)
    at G:\happyGame\2\server\node_modules\express\lib\router\index.js:284:7
    at Function.process_params (G:\happyGame\2\server\node_modules\express\lib\router\index.js:335:12)
    at next (G:\happyGame\2\server\node_modules\express\lib\router\index.js:275:10)
    at SendStream.error (G:\happyGame\2\server\node_modules\serve-static\index.js:121:7)
    at SendStream.emit (events.js:189:13)
    at SendStream.error (G:\happyGame\2\server\node_modules\send\index.js:270:17)
    at SendStream.onStatError (G:\happyGame\2\server\node_modules\send\index.js:421:12)


[2019-6-1 8:46:11] GET /register_gs?id=001&clientip=127.0.0.1&clientport=10000&httpPort=9003&load=0
Error: Not Found
    at G:\happyGame\2\server\common\common_app.js:86:15
    at Layer.handle [as handle_request] (G:\happyGame\2\server\node_modules\express\lib\router\layer.js:95:5)
    at trim_prefix (G:\happyGame\2\server\node_modules\express\lib\router\index.js:317:13)
    at G:\happyGame\2\server\node_modules\express\lib\router\index.js:284:7
    at Function.process_params (G:\happyGame\2\server\node_modules\express\lib\router\index.js:335:12)
    at next (G:\happyGame\2\server\node_modules\express\lib\router\index.js:275:10)
    at SendStream.error (G:\happyGame\2\server\node_modules\serve-static\index.js:121:7)
    at SendStream.emit (events.js:189:13)
    at SendStream.error (G:\happyGame\2\server\node_modules\send\index.js:270:17)
    at SendStream.onStatError (G:\happyGame\2\server\node_modules\send\index.js:421:12)


[2019-6-1 8:46:16] GET /register_gs?id=001&clientip=127.0.0.1&clientport=10000&httpPort=9003&load=0
Error: Not Found
    at G:\happyGame\2\server\common\common_app.js:86:15
    at Layer.handle [as handle_request] (G:\happyGame\2\server\node_modules\express\lib\router\layer.js:95:5)
    at trim_prefix (G:\happyGame\2\server\node_modules\express\lib\router\index.js:317:13)
    at G:\happyGame\2\server\node_modules\express\lib\router\index.js:284:7
    at Function.process_params (G:\happyGame\2\server\node_modules\express\lib\router\index.js:335:12)
    at next (G:\happyGame\2\server\node_modules\express\lib\router\index.js:275:10)
    at SendStream.error (G:\happyGame\2\server\node_modules\serve-static\index.js:121:7)
    at SendStream.emit (events.js:189:13)
    at SendStream.error (G:\happyGame\2\server\node_modules\send\index.js:270:17)
    at SendStream.onStatError (G:\happyGame\2\server\node_modules\send\index.js:421:12)


[2019-6-1 8:46:21] GET /register_gs?id=001&clientip=127.0.0.1&clientport=10000&httpPort=9003&load=0
Error: Not Found
    at G:\happyGame\2\server\common\common_app.js:86:15
    at Layer.handle [as handle_request] (G:\happyGame\2\server\node_modules\express\lib\router\layer.js:95:5)
    at trim_prefix (G:\happyGame\2\server\node_modules\express\lib\router\index.js:317:13)
    at G:\happyGame\2\server\node_modules\express\lib\router\index.js:284:7
    at Function.process_params (G:\happyGame\2\server\node_modules\express\lib\router\index.js:335:12)
    at next (G:\happyGame\2\server\node_modules\express\lib\router\index.js:275:10)
    at SendStream.error (G:\happyGame\2\server\node_modules\serve-static\index.js:121:7)
    at SendStream.emit (events.js:189:13)
    at SendStream.error (G:\happyGame\2\server\node_modules\send\index.js:270:17)
    at SendStream.onStatError (G:\happyGame\2\server\node_modules\send\index.js:421:12)


[2019-6-1 8:46:26] GET /register_gs?id=001&clientip=127.0.0.1&clientport=10000&httpPort=9003&load=0
Error: Not Found
    at G:\happyGame\2\server\common\common_app.js:86:15
    at Layer.handle [as handle_request] (G:\happyGame\2\server\node_modules\express\lib\router\layer.js:95:5)
    at trim_prefix (G:\happyGame\2\server\node_modules\express\lib\router\index.js:317:13)
    at G:\happyGame\2\server\node_modules\express\lib\router\index.js:284:7
    at Function.process_params (G:\happyGame\2\server\node_modules\express\lib\router\index.js:335:12)
    at next (G:\happyGame\2\server\node_modules\express\lib\router\index.js:275:10)
    at SendStream.error (G:\happyGame\2\server\node_modules\serve-static\index.js:121:7)
    at SendStream.emit (events.js:189:13)
    at SendStream.error (G:\happyGame\2\server\node_modules\send\index.js:270:17)
    at SendStream.onStatError (G:\happyGame\2\server\node_modules\send\index.js:421:12)


[2019-6-1 8:46:28] GET /enter_private_room?account=vivi_13812312312&sign=a57c39b7ac928ed83cd8407006f4421f&roomId=111111
Error: Not Found
    at G:\happyGame\2\server\common\common_app.js:86:15
    at Layer.handle [as handle_request] (G:\happyGame\2\server\node_modules\express\lib\router\layer.js:95:5)
    at trim_prefix (G:\happyGame\2\server\node_modules\express\lib\router\index.js:317:13)
    at G:\happyGame\2\server\node_modules\express\lib\router\index.js:284:7
    at Function.process_params (G:\happyGame\2\server\node_modules\express\lib\router\index.js:335:12)
    at next (G:\happyGame\2\server\node_modules\express\lib\router\index.js:275:10)
    at SendStream.error (G:\happyGame\2\server\node_modules\serve-static\index.js:121:7)
    at SendStream.emit (events.js:189:13)
    at SendStream.error (G:\happyGame\2\server\node_modules\send\index.js:270:17)
    at SendStream.onStatError (G:\happyGame\2\server\node_modules\send\index.js:421:12)


[2019-6-1 8:46:30] GET /enter_private_room?account=vivi_13812312312&sign=a57c39b7ac928ed83cd8407006f4421f&roomId=111115
Error: Not Found
    at G:\happyGame\2\server\common\common_app.js:86:15
    at Layer.handle [as handle_request] (G:\happyGame\2\server\node_modules\express\lib\router\layer.js:95:5)
    at trim_prefix (G:\happyGame\2\server\node_modules\express\lib\router\index.js:317:13)
    at G:\happyGame\2\server\node_modules\express\lib\router\index.js:284:7
    at Function.process_params (G:\happyGame\2\server\node_modules\express\lib\router\index.js:335:12)
    at next (G:\happyGame\2\server\node_modules\express\lib\router\index.js:275:10)
    at SendStream.error (G:\happyGame\2\server\node_modules\serve-static\index.js:121:7)
    at SendStream.emit (events.js:189:13)
    at SendStream.error (G:\happyGame\2\server\node_modules\send\index.js:270:17)
    at SendStream.onStatError (G:\happyGame\2\server\node_modules\send\index.js:421:12)


[2019-6-1 8:46:31] GET /enter_private_room?account=vivi_13812312312&sign=a57c39b7ac928ed83cd8407006f4421f&roomId=111119
Error: Not Found
    at G:\happyGame\2\server\common\common_app.js:86:15
    at Layer.handle [as handle_request] (G:\happyGame\2\server\node_modules\express\lib\router\layer.js:95:5)
    at trim_prefix (G:\happyGame\2\server\node_modules\express\lib\router\index.js:317:13)
    at G:\happyGame\2\server\node_modules\express\lib\router\index.js:284:7
    at Function.process_params (G:\happyGame\2\server\node_modules\express\lib\router\index.js:335:12)
    at next (G:\happyGame\2\server\node_modules\express\lib\router\index.js:275:10)
    at SendStream.error (G:\happyGame\2\server\node_modules\serve-static\index.js:121:7)
    at SendStream.emit (events.js:189:13)
    at SendStream.error (G:\happyGame\2\server\node_modules\send\index.js:270:17)
    at SendStream.onStatError (G:\happyGame\2\server\node_modules\send\index.js:421:12)


[2019-6-1 8:46:31] GET /register_gs?id=001&clientip=127.0.0.1&clientport=10000&httpPort=9003&load=0
Error: Not Found
    at G:\happyGame\2\server\common\common_app.js:86:15
    at Layer.handle [as handle_request] (G:\happyGame\2\server\node_modules\express\lib\router\layer.js:95:5)
    at trim_prefix (G:\happyGame\2\server\node_modules\express\lib\router\index.js:317:13)
    at G:\happyGame\2\server\node_modules\express\lib\router\index.js:284:7
    at Function.process_params (G:\happyGame\2\server\node_modules\express\lib\router\index.js:335:12)
    at next (G:\happyGame\2\server\node_modules\express\lib\router\index.js:275:10)
    at SendStream.error (G:\happyGame\2\server\node_modules\serve-static\index.js:121:7)
    at SendStream.emit (events.js:189:13)
    at SendStream.error (G:\happyGame\2\server\node_modules\send\index.js:270:17)
    at SendStream.onStatError (G:\happyGame\2\server\node_modules\send\index.js:421:12)


[2019-6-1 8:46:33] GET /enter_private_room?account=vivi_13812312312&sign=a57c39b7ac928ed83cd8407006f4421f&roomId=111118
Error: Not Found
    at G:\happyGame\2\server\common\common_app.js:86:15
    at Layer.handle [as handle_request] (G:\happyGame\2\server\node_modules\express\lib\router\layer.js:95:5)
    at trim_prefix (G:\happyGame\2\server\node_modules\express\lib\router\index.js:317:13)
    at G:\happyGame\2\server\node_modules\express\lib\router\index.js:284:7
    at Function.process_params (G:\happyGame\2\server\node_modules\express\lib\router\index.js:335:12)
    at next (G:\happyGame\2\server\node_modules\express\lib\router\index.js:275:10)
    at SendStream.error (G:\happyGame\2\server\node_modules\serve-static\index.js:121:7)
    at SendStream.emit (events.js:189:13)
    at SendStream.error (G:\happyGame\2\server\node_modules\send\index.js:270:17)
    at SendStream.onStatError (G:\happyGame\2\server\node_modules\send\index.js:421:12)


[2019-6-1 8:46:34] GET /enter_private_room?account=vivi_13812312312&sign=a57c39b7ac928ed83cd8407006f4421f&roomId=111114
Error: Not Found
    at G:\happyGame\2\server\common\common_app.js:86:15
    at Layer.handle [as handle_request] (G:\happyGame\2\server\node_modules\express\lib\router\layer.js:95:5)
    at trim_prefix (G:\happyGame\2\server\node_modules\express\lib\router\index.js:317:13)
    at G:\happyGame\2\server\node_modules\express\lib\router\index.js:284:7
    at Function.process_params (G:\happyGame\2\server\node_modules\express\lib\router\index.js:335:12)
    at next (G:\happyGame\2\server\node_modules\express\lib\router\index.js:275:10)
    at SendStream.error (G:\happyGame\2\server\node_modules\serve-static\index.js:121:7)
    at SendStream.emit (events.js:189:13)
    at SendStream.error (G:\happyGame\2\server\node_modules\send\index.js:270:17)
    at SendStream.onStatError (G:\happyGame\2\server\node_modules\send\index.js:421:12)


[2019-6-1 8:46:36] GET /register_gs?id=001&clientip=127.0.0.1&clientport=10000&httpPort=9003&load=0
Error: Not Found
    at G:\happyGame\2\server\common\common_app.js:86:15
    at Layer.handle [as handle_request] (G:\happyGame\2\server\node_modules\express\lib\router\layer.js:95:5)
    at trim_prefix (G:\happyGame\2\server\node_modules\express\lib\router\index.js:317:13)
    at G:\happyGame\2\server\node_modules\express\lib\router\index.js:284:7
    at Function.process_params (G:\happyGame\2\server\node_modules\express\lib\router\index.js:335:12)
    at next (G:\happyGame\2\server\node_modules\express\lib\router\index.js:275:10)
    at SendStream.error (G:\happyGame\2\server\node_modules\serve-static\index.js:121:7)
    at SendStream.emit (events.js:189:13)
    at SendStream.error (G:\happyGame\2\server\node_modules\send\index.js:270:17)
    at SendStream.onStatError (G:\happyGame\2\server\node_modules\send\index.js:421:12)


[2019-6-1 8:46:41] GET /register_gs?id=001&clientip=127.0.0.1&clientport=10000&httpPort=9003&load=0
Error: Not Found
    at G:\happyGame\2\server\common\common_app.js:86:15
    at Layer.handle [as handle_request] (G:\happyGame\2\server\node_modules\express\lib\router\layer.js:95:5)
    at trim_prefix (G:\happyGame\2\server\node_modules\express\lib\router\index.js:317:13)
    at G:\happyGame\2\server\node_modules\express\lib\router\index.js:284:7
    at Function.process_params (G:\happyGame\2\server\node_modules\express\lib\router\index.js:335:12)
    at next (G:\happyGame\2\server\node_modules\express\lib\router\index.js:275:10)
    at SendStream.error (G:\happyGame\2\server\node_modules\serve-static\index.js:121:7)
    at SendStream.emit (events.js:189:13)
    at SendStream.error (G:\happyGame\2\server\node_modules\send\index.js:270:17)
    at SendStream.onStatError (G:\happyGame\2\server\node_modules\send\index.js:421:12)


[2019-6-1 8:46:46] GET /register_gs?id=001&clientip=127.0.0.1&clientport=10000&httpPort=9003&load=0
Error: Not Found
    at G:\happyGame\2\server\common\common_app.js:86:15
    at Layer.handle [as handle_request] (G:\happyGame\2\server\node_modules\express\lib\router\layer.js:95:5)
    at trim_prefix (G:\happyGame\2\server\node_modules\express\lib\router\index.js:317:13)
    at G:\happyGame\2\server\node_modules\express\lib\router\index.js:284:7
    at Function.process_params (G:\happyGame\2\server\node_modules\express\lib\router\index.js:335:12)
    at next (G:\happyGame\2\server\node_modules\express\lib\router\index.js:275:10)
    at SendStream.error (G:\happyGame\2\server\node_modules\serve-static\index.js:121:7)
    at SendStream.emit (events.js:189:13)
    at SendStream.error (G:\happyGame\2\server\node_modules\send\index.js:270:17)
    at SendStream.onStatError (G:\happyGame\2\server\node_modules\send\index.js:421:12)


[2019-6-1 8:46:50] GET /enter_private_room?account=vivi_13812312312&sign=a57c39b7ac928ed83cd8407006f4421f&roomId=111119
Error: Not Found
    at G:\happyGame\2\server\common\common_app.js:86:15
    at Layer.handle [as handle_request] (G:\happyGame\2\server\node_modules\express\lib\router\layer.js:95:5)
    at trim_prefix (G:\happyGame\2\server\node_modules\express\lib\router\index.js:317:13)
    at G:\happyGame\2\server\node_modules\express\lib\router\index.js:284:7
    at Function.process_params (G:\happyGame\2\server\node_modules\express\lib\router\index.js:335:12)
    at next (G:\happyGame\2\server\node_modules\express\lib\router\index.js:275:10)
    at SendStream.error (G:\happyGame\2\server\node_modules\serve-static\index.js:121:7)
    at SendStream.emit (events.js:189:13)
    at SendStream.error (G:\happyGame\2\server\node_modules\send\index.js:270:17)
    at SendStream.onStatError (G:\happyGame\2\server\node_modules\send\index.js:421:12)


[2019-6-1 8:46:51] GET /register_gs?id=001&clientip=127.0.0.1&clientport=10000&httpPort=9003&load=0
Error: Not Found
    at G:\happyGame\2\server\common\common_app.js:86:15
    at Layer.handle [as handle_request] (G:\happyGame\2\server\node_modules\express\lib\router\layer.js:95:5)
    at trim_prefix (G:\happyGame\2\server\node_modules\express\lib\router\index.js:317:13)
    at G:\happyGame\2\server\node_modules\express\lib\router\index.js:284:7
    at Function.process_params (G:\happyGame\2\server\node_modules\express\lib\router\index.js:335:12)
    at next (G:\happyGame\2\server\node_modules\express\lib\router\index.js:275:10)
    at SendStream.error (G:\happyGame\2\server\node_modules\serve-static\index.js:121:7)
    at SendStream.emit (events.js:189:13)
    at SendStream.error (G:\happyGame\2\server\node_modules\send\index.js:270:17)
    at SendStream.onStatError (G:\happyGame\2\server\node_modules\send\index.js:421:12)


[2019-6-1 8:46:51] GET /enter_private_room?account=vivi_13812312312&sign=a57c39b7ac928ed83cd8407006f4421f&roomId=111116
Error: Not Found
    at G:\happyGame\2\server\common\common_app.js:86:15
    at Layer.handle [as handle_request] (G:\happyGame\2\server\node_modules\express\lib\router\layer.js:95:5)
    at trim_prefix (G:\happyGame\2\server\node_modules\express\lib\router\index.js:317:13)
    at G:\happyGame\2\server\node_modules\express\lib\router\index.js:284:7
    at Function.process_params (G:\happyGame\2\server\node_modules\express\lib\router\index.js:335:12)
    at next (G:\happyGame\2\server\node_modules\express\lib\router\index.js:275:10)
    at SendStream.error (G:\happyGame\2\server\node_modules\serve-static\index.js:121:7)
    at SendStream.emit (events.js:189:13)
    at SendStream.error (G:\happyGame\2\server\node_modules\send\index.js:270:17)
    at SendStream.onStatError (G:\happyGame\2\server\node_modules\send\index.js:421:12)


[2019-6-1 8:46:53] GET /enter_private_room?account=vivi_13812312312&sign=a57c39b7ac928ed83cd8407006f4421f&roomId=111118
Error: Not Found
    at G:\happyGame\2\server\common\common_app.js:86:15
    at Layer.handle [as handle_request] (G:\happyGame\2\server\node_modules\express\lib\router\layer.js:95:5)
    at trim_prefix (G:\happyGame\2\server\node_modules\express\lib\router\index.js:317:13)
    at G:\happyGame\2\server\node_modules\express\lib\router\index.js:284:7
    at Function.process_params (G:\happyGame\2\server\node_modules\express\lib\router\index.js:335:12)
    at next (G:\happyGame\2\server\node_modules\express\lib\router\index.js:275:10)
    at SendStream.error (G:\happyGame\2\server\node_modules\serve-static\index.js:121:7)
    at SendStream.emit (events.js:189:13)
    at SendStream.error (G:\happyGame\2\server\node_modules\send\index.js:270:17)
    at SendStream.onStatError (G:\happyGame\2\server\node_modules\send\index.js:421:12)


[2019-6-1 8:46:55] GET /enter_private_room?account=vivi_13812312312&sign=a57c39b7ac928ed83cd8407006f4421f&roomId=111110
Error: Not Found
    at G:\happyGame\2\server\common\common_app.js:86:15
    at Layer.handle [as handle_request] (G:\happyGame\2\server\node_modules\express\lib\router\layer.js:95:5)
    at trim_prefix (G:\happyGame\2\server\node_modules\express\lib\router\index.js:317:13)
    at G:\happyGame\2\server\node_modules\express\lib\router\index.js:284:7
    at Function.process_params (G:\happyGame\2\server\node_modules\express\lib\router\index.js:335:12)
    at next (G:\happyGame\2\server\node_modules\express\lib\router\index.js:275:10)
    at SendStream.error (G:\happyGame\2\server\node_modules\serve-static\index.js:121:7)
    at SendStream.emit (events.js:189:13)
    at SendStream.error (G:\happyGame\2\server\node_modules\send\index.js:270:17)
    at SendStream.onStatError (G:\happyGame\2\server\node_modules\send\index.js:421:12)


[2019-6-1 8:46:56] GET /register_gs?id=001&clientip=127.0.0.1&clientport=10000&httpPort=9003&load=0
Error: Not Found
    at G:\happyGame\2\server\common\common_app.js:86:15
    at Layer.handle [as handle_request] (G:\happyGame\2\server\node_modules\express\lib\router\layer.js:95:5)
    at trim_prefix (G:\happyGame\2\server\node_modules\express\lib\router\index.js:317:13)
    at G:\happyGame\2\server\node_modules\express\lib\router\index.js:284:7
    at Function.process_params (G:\happyGame\2\server\node_modules\express\lib\router\index.js:335:12)
    at next (G:\happyGame\2\server\node_modules\express\lib\router\index.js:275:10)
    at SendStream.error (G:\happyGame\2\server\node_modules\serve-static\index.js:121:7)
    at SendStream.emit (events.js:189:13)
    at SendStream.error (G:\happyGame\2\server\node_modules\send\index.js:270:17)
    at SendStream.onStatError (G:\happyGame\2\server\node_modules\send\index.js:421:12)


[2019-6-1 8:46:57] GET /enter_private_room?account=vivi_13812312312&sign=a57c39b7ac928ed83cd8407006f4421f&roomId=111111
Error: Not Found
    at G:\happyGame\2\server\common\common_app.js:86:15
    at Layer.handle [as handle_request] (G:\happyGame\2\server\node_modules\express\lib\router\layer.js:95:5)
    at trim_prefix (G:\happyGame\2\server\node_modules\express\lib\router\index.js:317:13)
    at G:\happyGame\2\server\node_modules\express\lib\router\index.js:284:7
    at Function.process_params (G:\happyGame\2\server\node_modules\express\lib\router\index.js:335:12)
    at next (G:\happyGame\2\server\node_modules\express\lib\router\index.js:275:10)
    at SendStream.error (G:\happyGame\2\server\node_modules\serve-static\index.js:121:7)
    at SendStream.emit (events.js:189:13)
    at SendStream.error (G:\happyGame\2\server\node_modules\send\index.js:270:17)
    at SendStream.onStatError (G:\happyGame\2\server\node_modules\send\index.js:421:12)


[2019-6-1 8:46:58] GET /enter_private_room?account=vivi_13812312312&sign=a57c39b7ac928ed83cd8407006f4421f&roomId=111112
Error: Not Found
    at G:\happyGame\2\server\common\common_app.js:86:15
    at Layer.handle [as handle_request] (G:\happyGame\2\server\node_modules\express\lib\router\layer.js:95:5)
    at trim_prefix (G:\happyGame\2\server\node_modules\express\lib\router\index.js:317:13)
    at G:\happyGame\2\server\node_modules\express\lib\router\index.js:284:7
    at Function.process_params (G:\happyGame\2\server\node_modules\express\lib\router\index.js:335:12)
    at next (G:\happyGame\2\server\node_modules\express\lib\router\index.js:275:10)
    at SendStream.error (G:\happyGame\2\server\node_modules\serve-static\index.js:121:7)
    at SendStream.emit (events.js:189:13)
    at SendStream.error (G:\happyGame\2\server\node_modules\send\index.js:270:17)
    at SendStream.onStatError (G:\happyGame\2\server\node_modules\send\index.js:421:12)


[2019-6-1 8:46:59] GET /enter_private_room?account=vivi_13812312312&sign=a57c39b7ac928ed83cd8407006f4421f&roomId=111113
Error: Not Found
    at G:\happyGame\2\server\common\common_app.js:86:15
    at Layer.handle [as handle_request] (G:\happyGame\2\server\node_modules\express\lib\router\layer.js:95:5)
    at trim_prefix (G:\happyGame\2\server\node_modules\express\lib\router\index.js:317:13)
    at G:\happyGame\2\server\node_modules\express\lib\router\index.js:284:7
    at Function.process_params (G:\happyGame\2\server\node_modules\express\lib\router\index.js:335:12)
    at next (G:\happyGame\2\server\node_modules\express\lib\router\index.js:275:10)
    at SendStream.error (G:\happyGame\2\server\node_modules\serve-static\index.js:121:7)
    at SendStream.emit (events.js:189:13)
    at SendStream.error (G:\happyGame\2\server\node_modules\send\index.js:270:17)
    at SendStream.onStatError (G:\happyGame\2\server\node_modules\send\index.js:421:12)


[2019-6-1 8:47:1] GET /enter_private_room?account=vivi_13812312312&sign=a57c39b7ac928ed83cd8407006f4421f&roomId=111116
Error: Not Found
    at G:\happyGame\2\server\common\common_app.js:86:15
    at Layer.handle [as handle_request] (G:\happyGame\2\server\node_modules\express\lib\router\layer.js:95:5)
    at trim_prefix (G:\happyGame\2\server\node_modules\express\lib\router\index.js:317:13)
    at G:\happyGame\2\server\node_modules\express\lib\router\index.js:284:7
    at Function.process_params (G:\happyGame\2\server\node_modules\express\lib\router\index.js:335:12)
    at next (G:\happyGame\2\server\node_modules\express\lib\router\index.js:275:10)
    at SendStream.error (G:\happyGame\2\server\node_modules\serve-static\index.js:121:7)
    at SendStream.emit (events.js:189:13)
    at SendStream.error (G:\happyGame\2\server\node_modules\send\index.js:270:17)
    at SendStream.onStatError (G:\happyGame\2\server\node_modules\send\index.js:421:12)


[2019-6-1 8:47:1] GET /register_gs?id=001&clientip=127.0.0.1&clientport=10000&httpPort=9003&load=0
Error: Not Found
    at G:\happyGame\2\server\common\common_app.js:86:15
    at Layer.handle [as handle_request] (G:\happyGame\2\server\node_modules\express\lib\router\layer.js:95:5)
    at trim_prefix (G:\happyGame\2\server\node_modules\express\lib\router\index.js:317:13)
    at G:\happyGame\2\server\node_modules\express\lib\router\index.js:284:7
    at Function.process_params (G:\happyGame\2\server\node_modules\express\lib\router\index.js:335:12)
    at next (G:\happyGame\2\server\node_modules\express\lib\router\index.js:275:10)
    at SendStream.error (G:\happyGame\2\server\node_modules\serve-static\index.js:121:7)
    at SendStream.emit (events.js:189:13)
    at SendStream.error (G:\happyGame\2\server\node_modules\send\index.js:270:17)
    at SendStream.onStatError (G:\happyGame\2\server\node_modules\send\index.js:421:12)


[2019-6-1 8:47:2] GET /enter_private_room?account=vivi_13812312312&sign=a57c39b7ac928ed83cd8407006f4421f&roomId=111115
Error: Not Found
    at G:\happyGame\2\server\common\common_app.js:86:15
    at Layer.handle [as handle_request] (G:\happyGame\2\server\node_modules\express\lib\router\layer.js:95:5)
    at trim_prefix (G:\happyGame\2\server\node_modules\express\lib\router\index.js:317:13)
    at G:\happyGame\2\server\node_modules\express\lib\router\index.js:284:7
    at Function.process_params (G:\happyGame\2\server\node_modules\express\lib\router\index.js:335:12)
    at next (G:\happyGame\2\server\node_modules\express\lib\router\index.js:275:10)
    at SendStream.error (G:\happyGame\2\server\node_modules\serve-static\index.js:121:7)
    at SendStream.emit (events.js:189:13)
    at SendStream.error (G:\happyGame\2\server\node_modules\send\index.js:270:17)
    at SendStream.onStatError (G:\happyGame\2\server\node_modules\send\index.js:421:12)


[2019-6-1 8:47:3] GET /enter_private_room?account=vivi_13812312312&sign=a57c39b7ac928ed83cd8407006f4421f&roomId=111119
Error: Not Found
    at G:\happyGame\2\server\common\common_app.js:86:15
    at Layer.handle [as handle_request] (G:\happyGame\2\server\node_modules\express\lib\router\layer.js:95:5)
    at trim_prefix (G:\happyGame\2\server\node_modules\express\lib\router\index.js:317:13)
    at G:\happyGame\2\server\node_modules\express\lib\router\index.js:284:7
    at Function.process_params (G:\happyGame\2\server\node_modules\express\lib\router\index.js:335:12)
    at next (G:\happyGame\2\server\node_modules\express\lib\router\index.js:275:10)
    at SendStream.error (G:\happyGame\2\server\node_modules\serve-static\index.js:121:7)
    at SendStream.emit (events.js:189:13)
    at SendStream.error (G:\happyGame\2\server\node_modules\send\index.js:270:17)
    at SendStream.onStatError (G:\happyGame\2\server\node_modules\send\index.js:421:12)


[2019-6-1 8:47:4] GET /enter_private_room?account=vivi_13812312312&sign=a57c39b7ac928ed83cd8407006f4421f&roomId=111118
Error: Not Found
    at G:\happyGame\2\server\common\common_app.js:86:15
    at Layer.handle [as handle_request] (G:\happyGame\2\server\node_modules\express\lib\router\layer.js:95:5)
    at trim_prefix (G:\happyGame\2\server\node_modules\express\lib\router\index.js:317:13)
    at G:\happyGame\2\server\node_modules\express\lib\router\index.js:284:7
    at Function.process_params (G:\happyGame\2\server\node_modules\express\lib\router\index.js:335:12)
    at next (G:\happyGame\2\server\node_modules\express\lib\router\index.js:275:10)
    at SendStream.error (G:\happyGame\2\server\node_modules\serve-static\index.js:121:7)
    at SendStream.emit (events.js:189:13)
    at SendStream.error (G:\happyGame\2\server\node_modules\send\index.js:270:17)
    at SendStream.onStatError (G:\happyGame\2\server\node_modules\send\index.js:421:12)


[2019-6-1 8:47:5] GET /enter_private_room?account=vivi_13812312312&sign=a57c39b7ac928ed83cd8407006f4421f&roomId=111114
Error: Not Found
    at G:\happyGame\2\server\common\common_app.js:86:15
    at Layer.handle [as handle_request] (G:\happyGame\2\server\node_modules\express\lib\router\layer.js:95:5)
    at trim_prefix (G:\happyGame\2\server\node_modules\express\lib\router\index.js:317:13)
    at G:\happyGame\2\server\node_modules\express\lib\router\index.js:284:7
    at Function.process_params (G:\happyGame\2\server\node_modules\express\lib\router\index.js:335:12)
    at next (G:\happyGame\2\server\node_modules\express\lib\router\index.js:275:10)
    at SendStream.error (G:\happyGame\2\server\node_modules\serve-static\index.js:121:7)
    at SendStream.emit (events.js:189:13)
    at SendStream.error (G:\happyGame\2\server\node_modules\send\index.js:270:17)
    at SendStream.onStatError (G:\happyGame\2\server\node_modules\send\index.js:421:12)


[2019-6-1 8:47:6] GET /enter_private_room?account=vivi_13812312312&sign=a57c39b7ac928ed83cd8407006f4421f&roomId=111119
Error: Not Found
    at G:\happyGame\2\server\common\common_app.js:86:15
    at Layer.handle [as handle_request] (G:\happyGame\2\server\node_modules\express\lib\router\layer.js:95:5)
    at trim_prefix (G:\happyGame\2\server\node_modules\express\lib\router\index.js:317:13)
    at G:\happyGame\2\server\node_modules\express\lib\router\index.js:284:7
    at Function.process_params (G:\happyGame\2\server\node_modules\express\lib\router\index.js:335:12)
    at next (G:\happyGame\2\server\node_modules\express\lib\router\index.js:275:10)
    at SendStream.error (G:\happyGame\2\server\node_modules\serve-static\index.js:121:7)
    at SendStream.emit (events.js:189:13)
    at SendStream.error (G:\happyGame\2\server\node_modules\send\index.js:270:17)
    at SendStream.onStatError (G:\happyGame\2\server\node_modules\send\index.js:421:12)


[2019-6-1 8:47:6] GET /register_gs?id=001&clientip=127.0.0.1&clientport=10000&httpPort=9003&load=0
Error: Not Found
    at G:\happyGame\2\server\common\common_app.js:86:15
    at Layer.handle [as handle_request] (G:\happyGame\2\server\node_modules\express\lib\router\layer.js:95:5)
    at trim_prefix (G:\happyGame\2\server\node_modules\express\lib\router\index.js:317:13)
    at G:\happyGame\2\server\node_modules\express\lib\router\index.js:284:7
    at Function.process_params (G:\happyGame\2\server\node_modules\express\lib\router\index.js:335:12)
    at next (G:\happyGame\2\server\node_modules\express\lib\router\index.js:275:10)
    at SendStream.error (G:\happyGame\2\server\node_modules\serve-static\index.js:121:7)
    at SendStream.emit (events.js:189:13)
    at SendStream.error (G:\happyGame\2\server\node_modules\send\index.js:270:17)
    at SendStream.onStatError (G:\happyGame\2\server\node_modules\send\index.js:421:12)


[2019-6-1 8:47:7] GET /enter_private_room?account=vivi_13812312312&sign=a57c39b7ac928ed83cd8407006f4421f&roomId=111116
Error: Not Found
    at G:\happyGame\2\server\common\common_app.js:86:15
    at Layer.handle [as handle_request] (G:\happyGame\2\server\node_modules\express\lib\router\layer.js:95:5)
    at trim_prefix (G:\happyGame\2\server\node_modules\express\lib\router\index.js:317:13)
    at G:\happyGame\2\server\node_modules\express\lib\router\index.js:284:7
    at Function.process_params (G:\happyGame\2\server\node_modules\express\lib\router\index.js:335:12)
    at next (G:\happyGame\2\server\node_modules\express\lib\router\index.js:275:10)
    at SendStream.error (G:\happyGame\2\server\node_modules\serve-static\index.js:121:7)
    at SendStream.emit (events.js:189:13)
    at SendStream.error (G:\happyGame\2\server\node_modules\send\index.js:270:17)
    at SendStream.onStatError (G:\happyGame\2\server\node_modules\send\index.js:421:12)


[2019-6-1 8:47:9] GET /enter_private_room?account=vivi_13812312312&sign=a57c39b7ac928ed83cd8407006f4421f&roomId=111117
Error: Not Found
    at G:\happyGame\2\server\common\common_app.js:86:15
    at Layer.handle [as handle_request] (G:\happyGame\2\server\node_modules\express\lib\router\layer.js:95:5)
    at trim_prefix (G:\happyGame\2\server\node_modules\express\lib\router\index.js:317:13)
    at G:\happyGame\2\server\node_modules\express\lib\router\index.js:284:7
    at Function.process_params (G:\happyGame\2\server\node_modules\express\lib\router\index.js:335:12)
    at next (G:\happyGame\2\server\node_modules\express\lib\router\index.js:275:10)
    at SendStream.error (G:\happyGame\2\server\node_modules\serve-static\index.js:121:7)
    at SendStream.emit (events.js:189:13)
    at SendStream.error (G:\happyGame\2\server\node_modules\send\index.js:270:17)
    at SendStream.onStatError (G:\happyGame\2\server\node_modules\send\index.js:421:12)


[2019-6-1 8:47:10] GET /enter_private_room?account=vivi_13812312312&sign=a57c39b7ac928ed83cd8407006f4421f&roomId=111116
Error: Not Found
    at G:\happyGame\2\server\common\common_app.js:86:15
    at Layer.handle [as handle_request] (G:\happyGame\2\server\node_modules\express\lib\router\layer.js:95:5)
    at trim_prefix (G:\happyGame\2\server\node_modules\express\lib\router\index.js:317:13)
    at G:\happyGame\2\server\node_modules\express\lib\router\index.js:284:7
    at Function.process_params (G:\happyGame\2\server\node_modules\express\lib\router\index.js:335:12)
    at next (G:\happyGame\2\server\node_modules\express\lib\router\index.js:275:10)
    at SendStream.error (G:\happyGame\2\server\node_modules\serve-static\index.js:121:7)
    at SendStream.emit (events.js:189:13)
    at SendStream.error (G:\happyGame\2\server\node_modules\send\index.js:270:17)
    at SendStream.onStatError (G:\happyGame\2\server\node_modules\send\index.js:421:12)


[2019-6-1 8:47:11] GET /register_gs?id=001&clientip=127.0.0.1&clientport=10000&httpPort=9003&load=0
Error: Not Found
    at G:\happyGame\2\server\common\common_app.js:86:15
    at Layer.handle [as handle_request] (G:\happyGame\2\server\node_modules\express\lib\router\layer.js:95:5)
    at trim_prefix (G:\happyGame\2\server\node_modules\express\lib\router\index.js:317:13)
    at G:\happyGame\2\server\node_modules\express\lib\router\index.js:284:7
    at Function.process_params (G:\happyGame\2\server\node_modules\express\lib\router\index.js:335:12)
    at next (G:\happyGame\2\server\node_modules\express\lib\router\index.js:275:10)
    at SendStream.error (G:\happyGame\2\server\node_modules\serve-static\index.js:121:7)
    at SendStream.emit (events.js:189:13)
    at SendStream.error (G:\happyGame\2\server\node_modules\send\index.js:270:17)
    at SendStream.onStatError (G:\happyGame\2\server\node_modules\send\index.js:421:12)


[2019-6-1 8:47:16] GET /register_gs?id=001&clientip=127.0.0.1&clientport=10000&httpPort=9003&load=0
Error: Not Found
    at G:\happyGame\2\server\common\common_app.js:86:15
    at Layer.handle [as handle_request] (G:\happyGame\2\server\node_modules\express\lib\router\layer.js:95:5)
    at trim_prefix (G:\happyGame\2\server\node_modules\express\lib\router\index.js:317:13)
    at G:\happyGame\2\server\node_modules\express\lib\router\index.js:284:7
    at Function.process_params (G:\happyGame\2\server\node_modules\express\lib\router\index.js:335:12)
    at next (G:\happyGame\2\server\node_modules\express\lib\router\index.js:275:10)
    at SendStream.error (G:\happyGame\2\server\node_modules\serve-static\index.js:121:7)
    at SendStream.emit (events.js:189:13)
    at SendStream.error (G:\happyGame\2\server\node_modules\send\index.js:270:17)
    at SendStream.onStatError (G:\happyGame\2\server\node_modules\send\index.js:421:12)


[2019-6-1 8:47:21] GET /register_gs?id=001&clientip=127.0.0.1&clientport=10000&httpPort=9003&load=0
Error: Not Found
    at G:\happyGame\2\server\common\common_app.js:86:15
    at Layer.handle [as handle_request] (G:\happyGame\2\server\node_modules\express\lib\router\layer.js:95:5)
    at trim_prefix (G:\happyGame\2\server\node_modules\express\lib\router\index.js:317:13)
    at G:\happyGame\2\server\node_modules\express\lib\router\index.js:284:7
    at Function.process_params (G:\happyGame\2\server\node_modules\express\lib\router\index.js:335:12)
    at next (G:\happyGame\2\server\node_modules\express\lib\router\index.js:275:10)
    at SendStream.error (G:\happyGame\2\server\node_modules\serve-static\index.js:121:7)
    at SendStream.emit (events.js:189:13)
    at SendStream.error (G:\happyGame\2\server\node_modules\send\index.js:270:17)
    at SendStream.onStatError (G:\happyGame\2\server\node_modules\send\index.js:421:12)


[2019-6-1 8:47:27] GET /register_gs?id=001&clientip=127.0.0.1&clientport=10000&httpPort=9003&load=0
Error: Not Found
    at G:\happyGame\2\server\common\common_app.js:86:15
    at Layer.handle [as handle_request] (G:\happyGame\2\server\node_modules\express\lib\router\layer.js:95:5)
    at trim_prefix (G:\happyGame\2\server\node_modules\express\lib\router\index.js:317:13)
    at G:\happyGame\2\server\node_modules\express\lib\router\index.js:284:7
    at Function.process_params (G:\happyGame\2\server\node_modules\express\lib\router\index.js:335:12)
    at next (G:\happyGame\2\server\node_modules\express\lib\router\index.js:275:10)
    at SendStream.error (G:\happyGame\2\server\node_modules\serve-static\index.js:121:7)
    at SendStream.emit (events.js:189:13)
    at SendStream.error (G:\happyGame\2\server\node_modules\send\index.js:270:17)
    at SendStream.onStatError (G:\happyGame\2\server\node_modules\send\index.js:421:12)


[2019-6-1 8:47:32] GET /register_gs?id=001&clientip=127.0.0.1&clientport=10000&httpPort=9003&load=0
Error: Not Found
    at G:\happyGame\2\server\common\common_app.js:86:15
    at Layer.handle [as handle_request] (G:\happyGame\2\server\node_modules\express\lib\router\layer.js:95:5)
    at trim_prefix (G:\happyGame\2\server\node_modules\express\lib\router\index.js:317:13)
    at G:\happyGame\2\server\node_modules\express\lib\router\index.js:284:7
    at Function.process_params (G:\happyGame\2\server\node_modules\express\lib\router\index.js:335:12)
    at next (G:\happyGame\2\server\node_modules\express\lib\router\index.js:275:10)
    at SendStream.error (G:\happyGame\2\server\node_modules\serve-static\index.js:121:7)
    at SendStream.emit (events.js:189:13)
    at SendStream.error (G:\happyGame\2\server\node_modules\send\index.js:270:17)
    at SendStream.onStatError (G:\happyGame\2\server\node_modules\send\index.js:421:12)


[2019-6-1 8:47:37] GET /register_gs?id=001&clientip=127.0.0.1&clientport=10000&httpPort=9003&load=0
Error: Not Found
    at G:\happyGame\2\server\common\common_app.js:86:15
    at Layer.handle [as handle_request] (G:\happyGame\2\server\node_modules\express\lib\router\layer.js:95:5)
    at trim_prefix (G:\happyGame\2\server\node_modules\express\lib\router\index.js:317:13)
    at G:\happyGame\2\server\node_modules\express\lib\router\index.js:284:7
    at Function.process_params (G:\happyGame\2\server\node_modules\express\lib\router\index.js:335:12)
    at next (G:\happyGame\2\server\node_modules\express\lib\router\index.js:275:10)
    at SendStream.error (G:\happyGame\2\server\node_modules\serve-static\index.js:121:7)
    at SendStream.emit (events.js:189:13)
    at SendStream.error (G:\happyGame\2\server\node_modules\send\index.js:270:17)
    at SendStream.onStatError (G:\happyGame\2\server\node_modules\send\index.js:421:12)


[2019-6-1 8:47:42] GET /register_gs?id=001&clientip=127.0.0.1&clientport=10000&httpPort=9003&load=0
Error: Not Found
    at G:\happyGame\2\server\common\common_app.js:86:15
    at Layer.handle [as handle_request] (G:\happyGame\2\server\node_modules\express\lib\router\layer.js:95:5)
    at trim_prefix (G:\happyGame\2\server\node_modules\express\lib\router\index.js:317:13)
    at G:\happyGame\2\server\node_modules\express\lib\router\index.js:284:7
    at Function.process_params (G:\happyGame\2\server\node_modules\express\lib\router\index.js:335:12)
    at next (G:\happyGame\2\server\node_modules\express\lib\router\index.js:275:10)
    at SendStream.error (G:\happyGame\2\server\node_modules\serve-static\index.js:121:7)
    at SendStream.emit (events.js:189:13)
    at SendStream.error (G:\happyGame\2\server\node_modules\send\index.js:270:17)
    at SendStream.onStatError (G:\happyGame\2\server\node_modules\send\index.js:421:12)


[2019-6-1 8:47:47] GET /register_gs?id=001&clientip=127.0.0.1&clientport=10000&httpPort=9003&load=0
Error: Not Found
    at G:\happyGame\2\server\common\common_app.js:86:15
    at Layer.handle [as handle_request] (G:\happyGame\2\server\node_modules\express\lib\router\layer.js:95:5)
    at trim_prefix (G:\happyGame\2\server\node_modules\express\lib\router\index.js:317:13)
    at G:\happyGame\2\server\node_modules\express\lib\router\index.js:284:7
    at Function.process_params (G:\happyGame\2\server\node_modules\express\lib\router\index.js:335:12)
    at next (G:\happyGame\2\server\node_modules\express\lib\router\index.js:275:10)
    at SendStream.error (G:\happyGame\2\server\node_modules\serve-static\index.js:121:7)
    at SendStream.emit (events.js:189:13)
    at SendStream.error (G:\happyGame\2\server\node_modules\send\index.js:270:17)
    at SendStream.onStatError (G:\happyGame\2\server\node_modules\send\index.js:421:12)


[2019-6-1 8:47:52] GET /register_gs?id=001&clientip=127.0.0.1&clientport=10000&httpPort=9003&load=0
Error: Not Found
    at G:\happyGame\2\server\common\common_app.js:86:15
    at Layer.handle [as handle_request] (G:\happyGame\2\server\node_modules\express\lib\router\layer.js:95:5)
    at trim_prefix (G:\happyGame\2\server\node_modules\express\lib\router\index.js:317:13)
    at G:\happyGame\2\server\node_modules\express\lib\router\index.js:284:7
    at Function.process_params (G:\happyGame\2\server\node_modules\express\lib\router\index.js:335:12)
    at next (G:\happyGame\2\server\node_modules\express\lib\router\index.js:275:10)
    at SendStream.error (G:\happyGame\2\server\node_modules\serve-static\index.js:121:7)
    at SendStream.emit (events.js:189:13)
    at SendStream.error (G:\happyGame\2\server\node_modules\send\index.js:270:17)
    at SendStream.onStatError (G:\happyGame\2\server\node_modules\send\index.js:421:12)


[2019-6-1 8:47:57] GET /register_gs?id=001&clientip=127.0.0.1&clientport=10000&httpPort=9003&load=0
Error: Not Found
    at G:\happyGame\2\server\common\common_app.js:86:15
    at Layer.handle [as handle_request] (G:\happyGame\2\server\node_modules\express\lib\router\layer.js:95:5)
    at trim_prefix (G:\happyGame\2\server\node_modules\express\lib\router\index.js:317:13)
    at G:\happyGame\2\server\node_modules\express\lib\router\index.js:284:7
    at Function.process_params (G:\happyGame\2\server\node_modules\express\lib\router\index.js:335:12)
    at next (G:\happyGame\2\server\node_modules\express\lib\router\index.js:275:10)
    at SendStream.error (G:\happyGame\2\server\node_modules\serve-static\index.js:121:7)
    at SendStream.emit (events.js:189:13)
    at SendStream.error (G:\happyGame\2\server\node_modules\send\index.js:270:17)
    at SendStream.onStatError (G:\happyGame\2\server\node_modules\send\index.js:421:12)


